<?xml version="1.0" encoding="UTF-8"?>
<!-- Generated by org.testng.reporters.JUnitReportReporter -->
<testsuite hostname="sa" failures="0" tests="1" name="demoQA.WaitClass" time="14.737" errors="0" timestamp="2021-06-16T18:11:36 IST" skipped="0">
  <testcase classname="demoQA.WaitClass" name="demoLogin" time="14.737"/>
  <system-out/>
</testsuite> <!-- demoQA.WaitClass -->
