<?xml version="1.0" encoding="UTF-8"?>
<!-- Generated by org.testng.reporters.JUnitReportReporter -->
<testsuite hostname="sa" failures="0" tests="2" name="com.ConfigureProperty.ReadProperty" time="9.315" errors="0" timestamp="2021-06-05T18:37:07 IST" skipped="0">
  <testcase classname="com.ConfigureProperty.ReadProperty" name="test02" time="9.300"/>
  <system-out/>
  <testcase classname="com.ConfigureProperty.ReadProperty" name="test01" time="0.015"/>
  <system-out/>
</testsuite> <!-- com.ConfigureProperty.ReadProperty -->
