<?xml version="1.0" encoding="UTF-8"?>
<!-- Generated by org.testng.reporters.JUnitReportReporter -->
<testsuite hostname="sa" failures="0" tests="2" name="com.Webtable.CreateWebtable" time="18.289" errors="0" timestamp="2021-06-04T16:24:54 IST" skipped="0">
  <testcase classname="com.Webtable.CreateWebtable" name="allCols" time="12.642"/>
  <system-out/>
  <testcase classname="com.Webtable.CreateWebtable" name="allRows" time="5.647"/>
  <system-out/>
</testsuite> <!-- com.Webtable.CreateWebtable -->
