<?xml version="1.0" encoding="UTF-8"?>
<!-- Generated by org.testng.reporters.JUnitReportReporter -->
<testsuite hostname="sa" failures="0" tests="2" name="com.ConfigureProperty.ReadProperties1" time="7.392" errors="0" timestamp="2021-06-05T14:19:33 IST" skipped="0">
  <testcase classname="com.ConfigureProperty.ReadProperties1" name="test04" time="7.380"/>
  <system-out/>
  <testcase classname="com.ConfigureProperty.ReadProperties1" name="test03" time="0.012"/>
  <system-out/>
</testsuite> <!-- com.ConfigureProperty.ReadProperties1 -->
